1
3

2
3
9

3
3
9
24

4
3
9
24
31

5
3
9
24
31
38

6
3
9
24
31
38
45

6
3
9
24
31
38
45

7
3
9
24
31
38
45
58

8
3
9
24
31
38
45
58
65

9
3
9
24
31
38
45
58
65
72

10
3
9
24
31
38
45
58
65
72
78

11
3
9
24
31
38
45
58
65
72
78
87

12
3
9
24
31
38
45
58
65
72
78
87
93

13
3
9
24
31
38
45
58
65
72
78
87
93
98

14
3
9
24
31
38
45
58
65
72
78
87
93
98
108

15
3
9
24
31
38
45
58
65
72
78
87
93
98
108
118

16
3
9
24
31
38
45
58
65
72
78
87
93
98
108
118
131

17
3
9
24
31
38
45
58
65
72
78
87
93
98
108
118
131
140

18
3
9
24
31
38
45
58
65
72
78
87
93
98
108
118
131
140
151

19
3
9
24
31
38
45
58
65
72
78
87
93
98
108
118
131
140
151
163

20
3
9
24
31
38
45
58
65
72
78
87
93
98
108
118
131
140
151
163
168

21
3
9
24
31
38
45
58
65
72
78
87
93
98
108
118
131
140
151
163
168
174

22
3
9
24
31
38
45
58
65
72
78
87
93
98
108
118
131
140
151
163
168
174
178

23
3
9
24
31
38
45
58
65
72
78
87
93
98
108
118
131
140
151
163
168
174
178
186

24
3
9
24
31
38
45
58
65
72
78
87
93
98
108
118
131
140
151
163
168
174
178
186
194

25
3
9
24
31
38
45
58
65
72
78
87
93
98
108
118
131
140
151
163
168
174
178
186
194
208

26
3
9
24
31
38
45
58
65
72
78
87
93
98
108
118
131
140
151
163
168
174
178
186
194
208
219

27
3
9
24
31
38
45
58
65
72
78
87
93
98
108
118
131
140
151
163
168
174
178
186
194
208
219
226

28
3
9
24
31
38
45
58
65
72
78
87
93
98
108
118
131
140
151
163
168
174
178
186
194
208
219
226
237

29
3
9
24
31
38
45
58
65
72
78
87
93
98
108
118
131
140
151
163
168
174
178
186
194
208
219
226
237
250

30
3
9
24
31
38
45
58
65
72
78
87
93
98
108
118
131
140
151
163
168
174
178
186
194
208
219
226
237
250
265

31
3
9
24
31
38
45
58
65
72
78
87
93
98
108
118
131
140
151
163
168
174
178
186
194
208
219
226
237
250
265
270

32
3
9
24
31
38
45
58
65
72
78
87
93
98
108
118
131
140
151
163
168
174
178
186
194
208
219
226
237
250
265
270
283

33
3
9
24
31
38
45
58
65
72
78
87
93
98
108
118
131
140
151
163
168
174
178
186
194
208
219
226
237
250
265
270
283
286

34
3
9
24
31
38
45
58
65
72
78
87
93
98
108
118
131
140
151
163
168
174
178
186
194
208
219
226
237
250
265
270
283
286
297

35
3
9
24
31
38
45
58
65
72
78
87
93
98
108
118
131
140
151
163
168
174
178
186
194
208
219
226
237
250
265
270
283
286
297
309

36
3
9
24
31
38
45
58
65
72
78
87
93
98
108
118
131
140
151
163
168
174
178
186
194
208
219
226
237
250
265
270
283
286
297
309
316

37
3
9
24
31
38
45
58
65
72
78
87
93
98
108
118
131
140
151
163
168
174
178
186
194
208
219
226
237
250
265
270
283
286
297
309
316
324

38
3
9
24
31
38
45
58
65
72
78
87
93
98
108
118
131
140
151
163
168
174
178
186
194
208
219
226
237
250
265
270
283
286
297
309
316
324
335

39
3
9
24
31
38
45
58
65
72
78
87
93
98
108
118
131
140
151
163
168
174
178
186
194
208
219
226
237
250
265
270
283
286
297
309
316
324
335
343

40
3
9
24
31
38
45
58
65
72
78
87
93
98
108
118
131
140
151
163
168
174
178
186
194
208
219
226
237
250
265
270
283
286
297
309
316
324
335
343
354

41
3
9
24
31
38
45
58
65
72
78
87
93
98
108
118
131
140
151
163
168
174
178
186
194
208
219
226
237
250
265
270
283
286
297
309
316
324
335
343
354
365

42
3
9
24
31
38
45
58
65
72
78
87
93
98
108
118
131
140
151
163
168
174
178
186
194
208
219
226
237
250
265
270
283
286
297
309
316
324
335
343
354
365
372

43
3
9
24
31
38
45
58
65
72
78
87
93
98
108
118
131
140
151
163
168
174
178
186
194
208
219
226
237
250
265
270
283
286
297
309
316
324
335
343
354
365
372
384

44
3
9
24
31
38
45
58
65
72
78
87
93
98
108
118
131
140
151
163
168
174
178
186
194
208
219
226
237
250
265
270
283
286
297
309
316
324
335
343
354
365
372
384
396

44
3
9
24
31
38
45
58
65
72
78
87
93
98
108
118
131
140
151
163
168
174
178
186
194
208
219
226
237
250
265
270
283
286
297
309
316
324
335
343
354
365
372
384
396

45
3
9
24
31
38
45
58
65
72
78
87
93
98
108
118
131
140
151
163
168
174
178
186
194
208
219
226
237
250
265
270
283
286
297
309
316
324
335
343
354
365
372
384
396
407

46
3
9
24
31
38
45
58
65
72
78
87
93
98
108
118
131
140
151
163
168
174
178
186
194
208
219
226
237
250
265
270
283
286
297
309
316
324
335
343
354
365
372
384
396
407
420

47
3
9
24
31
38
45
58
65
72
78
87
93
98
108
118
131
140
151
163
168
174
178
186
194
208
219
226
237
250
265
270
283
286
297
309
316
324
335
343
354
365
372
384
396
407
420
432

48
3
9
24
31
38
45
58
65
72
78
87
93
98
108
118
131
140
151
163
168
174
178
186
194
208
219
226
237
250
265
270
283
286
297
309
316
324
335
343
354
365
372
384
396
407
420
432
443

49
3
9
24
31
38
45
58
65
72
78
87
93
98
108
118
131
140
151
163
168
174
178
186
194
208
219
226
237
250
265
270
283
286
297
309
316
324
335
343
354
365
372
384
396
407
420
432
443
447

50
3
9
24
31
38
45
58
65
72
78
87
93
98
108
118
131
140
151
163
168
174
178
186
194
208
219
226
237
250
265
270
283
286
297
309
316
324
335
343
354
365
372
384
396
407
420
432
443
447
458

51
3
9
24
31
38
45
58
65
72
78
87
93
98
108
118
131
140
151
163
168
174
178
186
194
208
219
226
237
250
265
270
283
286
297
309
316
324
335
343
354
365
372
384
396
407
420
432
443
447
458
473

51
3
9
24
31
38
45
58
65
72
78
87
93
98
108
118
131
140
151
163
168
174
178
186
194
208
219
226
237
250
265
270
283
286
297
309
316
324
335
343
354
365
372
384
396
407
420
432
443
447
458
473

52
3
9
24
31
38
45
58
65
72
78
87
93
98
108
118
131
140
151
163
168
174
178
186
194
208
219
226
237
250
265
270
283
286
297
309
316
324
335
343
354
365
372
384
396
407
420
432
443
447
458
473
484

53
3
9
24
31
38
45
58
65
72
78
87
93
98
108
118
131
140
151
163
168
174
178
186
194
208
219
226
237
250
265
270
283
286
297
309
316
324
335
343
354
365
372
384
396
407
420
432
443
447
458
473
484
490

54
3
9
24
31
38
45
58
65
72
78
87
93
98
108
118
131
140
151
163
168
174
178
186
194
208
219
226
237
250
265
270
283
286
297
309
316
324
335
343
354
365
372
384
396
407
420
432
443
447
458
473
484
490
496

55
3
9
24
31
38
45
58
65
72
78
87
93
98
108
118
131
140
151
163
168
174
178
186
194
208
219
226
237
250
265
270
283
286
297
309
316
324
335
343
354
365
372
384
396
407
420
432
443
447
458
473
484
490
496
504

56
3
9
24
31
38
45
58
65
72
78
87
93
98
108
118
131
140
151
163
168
174
178
186
194
208
219
226
237
250
265
270
283
286
297
309
316
324
335
343
354
365
372
384
396
407
420
432
443
447
458
473
484
490
496
504
512

57
3
9
24
31
38
45
58
65
72
78
87
93
98
108
118
131
140
151
163
168
174
178
186
194
208
219
226
237
250
265
270
283
286
297
309
316
324
335
343
354
365
372
384
396
407
420
432
443
447
458
473
484
490
496
504
512
525

58
3
9
24
31
38
45
58
65
72
78
87
93
98
108
118
131
140
151
163
168
174
178
186
194
208
219
226
237
250
265
270
283
286
297
309
316
324
335
343
354
365
372
384
396
407
420
432
443
447
458
473
484
490
496
504
512
525
533

59
3
9
24
31
38
45
58
65
72
78
87
93
98
108
118
131
140
151
163
168
174
178
186
194
208
219
226
237
250
265
270
283
286
297
309
316
324
335
343
354
365
372
384
396
407
420
432
443
447
458
473
484
490
496
504
512
525
533
538

60
3
9
24
31
38
45
58
65
72
78
87
93
98
108
118
131
140
151
163
168
174
178
186
194
208
219
226
237
250
265
270
283
286
297
309
316
324
335
343
354
365
372
384
396
407
420
432
443
447
458
473
484
490
496
504
512
525
533
538
551

61
3
9
24
31
38
45
58
65
72
78
87
93
98
108
118
131
140
151
163
168
174
178
186
194
208
219
226
237
250
265
270
283
286
297
309
316
324
335
343
354
365
372
384
396
407
420
432
443
447
458
473
484
490
496
504
512
525
533
538
551
564

61
3
9
24
31
38
45
58
65
72
78
87
93
98
108
118
131
140
151
163
168
174
178
186
194
208
219
226
237
250
265
270
283
286
297
309
316
324
335
343
354
365
372
384
396
407
420
432
443
447
458
473
484
490
496
504
512
525
533
538
551
564

62
3
9
24
31
38
45
58
65
72
78
87
93
98
108
118
131
140
151
163
168
174
178
186
194
208
219
226
237
250
265
270
283
286
297
309
316
324
335
343
354
365
372
384
396
407
420
432
443
447
458
473
484
490
496
504
512
525
533
538
551
564
576

63
3
9
24
31
38
45
58
65
72
78
87
93
98
108
118
131
140
151
163
168
174
178
186
194
208
219
226
237
250
265
270
283
286
297
309
316
324
335
343
354
365
372
384
396
407
420
432
443
447
458
473
484
490
496
504
512
525
533
538
551
564
576
588

64
3
9
24
31
38
45
58
65
72
78
87
93
98
108
118
131
140
151
163
168
174
178
186
194
208
219
226
237
250
265
270
283
286
297
309
316
324
335
343
354
365
372
384
396
407
420
432
443
447
458
473
484
490
496
504
512
525
533
538
551
564
576
588
597

65
3
9
24
31
38
45
58
65
72
78
87
93
98
108
118
131
140
151
163
168
174
178
186
194
208
219
226
237
250
265
270
283
286
297
309
316
324
335
343
354
365
372
384
396
407
420
432
443
447
458
473
484
490
496
504
512
525
533
538
551
564
576
588
597
610

66
3
9
24
31
38
45
58
65
72
78
87
93
98
108
118
131
140
151
163
168
174
178
186
194
208
219
226
237
250
265
270
283
286
297
309
316
324
335
343
354
365
372
384
396
407
420
432
443
447
458
473
484
490
496
504
512
525
533
538
551
564
576
588
597
610
620

67
3
9
24
31
38
45
58
65
72
78
87
93
98
108
118
131
140
151
163
168
174
178
186
194
208
219
226
237
250
265
270
283
286
297
309
316
324
335
343
354
365
372
384
396
407
420
432
443
447
458
473
484
490
496
504
512
525
533
538
551
564
576
588
597
610
620
628

68
3
9
24
31
38
45
58
65
72
78
87
93
98
108
118
131
140
151
163
168
174
178
186
194
208
219
226
237
250
265
270
283
286
297
309
316
324
335
343
354
365
372
384
396
407
420
432
443
447
458
473
484
490
496
504
512
525
533
538
551
564
576
588
597
610
620
628
637

69
3
9
24
31
38
45
58
65
72
78
87
93
98
108
118
131
140
151
163
168
174
178
186
194
208
219
226
237
250
265
270
283
286
297
309
316
324
335
343
354
365
372
384
396
407
420
432
443
447
458
473
484
490
496
504
512
525
533
538
551
564
576
588
597
610
620
628
637
645

70
3
9
24
31
38
45
58
65
72
78
87
93
98
108
118
131
140
151
163
168
174
178
186
194
208
219
226
237
250
265
270
283
286
297
309
316
324
335
343
354
365
372
384
396
407
420
432
443
447
458
473
484
490
496
504
512
525
533
538
551
564
576
588
597
610
620
628
637
645
656

70
3
9
24
31
38
45
58
65
72
78
87
93
98
108
118
131
140
151
163
168
174
178
186
194
208
219
226
237
250
265
270
283
286
297
309
316
324
335
343
354
365
372
384
396
407
420
432
443
447
458
473
484
490
496
504
512
525
533
538
551
564
576
588
597
610
620
628
637
645
656

71
3
9
24
31
38
45
58
65
72
78
87
93
98
108
118
131
140
151
163
168
174
178
186
194
208
219
226
237
250
265
270
283
286
297
309
316
324
335
343
354
365
372
384
396
407
420
432
443
447
458
473
484
490
496
504
512
525
533
538
551
564
576
588
597
610
620
628
637
645
656
668

72
3
9
24
31
38
45
58
65
72
78
87
93
98
108
118
131
140
151
163
168
174
178
186
194
208
219
226
237
250
265
270
283
286
297
309
316
324
335
343
354
365
372
384
396
407
420
432
443
447
458
473
484
490
496
504
512
525
533
538
551
564
576
588
597
610
620
628
637
645
656
668
672

73
3
9
24
31
38
45
58
65
72
78
87
93
98
108
118
131
140
151
163
168
174
178
186
194
208
219
226
237
250
265
270
283
286
297
309
316
324
335
343
354
365
372
384
396
407
420
432
443
447
458
473
484
490
496
504
512
525
533
538
551
564
576
588
597
610
620
628
637
645
656
668
672
683

74
3
9
24
31
38
45
58
65
72
78
87
93
98
108
118
131
140
151
163
168
174
178
186
194
208
219
226
237
250
265
270
283
286
297
309
316
324
335
343
354
365
372
384
396
407
420
432
443
447
458
473
484
490
496
504
512
525
533
538
551
564
576
588
597
610
620
628
637
645
656
668
672
683
692

75
3
9
24
31
38
45
58
65
72
78
87
93
98
108
118
131
140
151
163
168
174
178
186
194
208
219
226
237
250
265
270
283
286
297
309
316
324
335
343
354
365
372
384
396
407
420
432
443
447
458
473
484
490
496
504
512
525
533
538
551
564
576
588
597
610
620
628
637
645
656
668
672
683
692
701

76
3
9
24
31
38
45
58
65
72
78
87
93
98
108
118
131
140
151
163
168
174
178
186
194
208
219
226
237
250
265
270
283
286
297
309
316
324
335
343
354
365
372
384
396
407
420
432
443
447
458
473
484
490
496
504
512
525
533
538
551
564
576
588
597
610
620
628
637
645
656
668
672
683
692
701
710

77
3
9
24
31
38
45
58
65
72
78
87
93
98
108
118
131
140
151
163
168
174
178
186
194
208
219
226
237
250
265
270
283
286
297
309
316
324
335
343
354
365
372
384
396
407
420
432
443
447
458
473
484
490
496
504
512
525
533
538
551
564
576
588
597
610
620
628
637
645
656
668
672
683
692
701
710
724

78
3
9
24
31
38
45
58
65
72
78
87
93
98
108
118
131
140
151
163
168
174
178
186
194
208
219
226
237
250
265
270
283
286
297
309
316
324
335
343
354
365
372
384
396
407
420
432
443
447
458
473
484
490
496
504
512
525
533
538
551
564
576
588
597
610
620
628
637
645
656
668
672
683
692
701
710
724
735

79
3
9
24
31
38
45
58
65
72
78
87
93
98
108
118
131
140
151
163
168
174
178
186
194
208
219
226
237
250
265
270
283
286
297
309
316
324
335
343
354
365
372
384
396
407
420
432
443
447
458
473
484
490
496
504
512
525
533
538
551
564
576
588
597
610
620
628
637
645
656
668
672
683
692
701
710
724
735
743

80
3
9
24
31
38
45
58
65
72
78
87
93
98
108
118
131
140
151
163
168
174
178
186
194
208
219
226
237
250
265
270
283
286
297
309
316
324
335
343
354
365
372
384
396
407
420
432
443
447
458
473
484
490
496
504
512
525
533
538
551
564
576
588
597
610
620
628
637
645
656
668
672
683
692
701
710
724
735
743
754

81
3
9
24
31
38
45
58
65
72
78
87
93
98
108
118
131
140
151
163
168
174
178
186
194
208
219
226
237
250
265
270
283
286
297
309
316
324
335
343
354
365
372
384
396
407
420
432
443
447
458
473
484
490
496
504
512
525
533
538
551
564
576
588
597
610
620
628
637
645
656
668
672
683
692
701
710
724
735
743
754
760

82
3
9
24
31
38
45
58
65
72
78
87
93
98
108
118
131
140
151
163
168
174
178
186
194
208
219
226
237
250
265
270
283
286
297
309
316
324
335
343
354
365
372
384
396
407
420
432
443
447
458
473
484
490
496
504
512
525
533
538
551
564
576
588
597
610
620
628
637
645
656
668
672
683
692
701
710
724
735
743
754
760
770

83
3
9
24
31
38
45
58
65
72
78
87
93
98
108
118
131
140
151
163
168
174
178
186
194
208
219
226
237
250
265
270
283
286
297
309
316
324
335
343
354
365
372
384
396
407
420
432
443
447
458
473
484
490
496
504
512
525
533
538
551
564
576
588
597
610
620
628
637
645
656
668
672
683
692
701
710
724
735
743
754
760
770
776

84
3
9
24
31
38
45
58
65
72
78
87
93
98
108
118
131
140
151
163
168
174
178
186
194
208
219
226
237
250
265
270
283
286
297
309
316
324
335
343
354
365
372
384
396
407
420
432
443
447
458
473
484
490
496
504
512
525
533
538
551
564
576
588
597
610
620
628
637
645
656
668
672
683
692
701
710
724
735
743
754
760
770
776
780

85
3
9
24
31
38
45
58
65
72
78
87
93
98
108
118
131
140
151
163
168
174
178
186
194
208
219
226
237
250
265
270
283
286
297
309
316
324
335
343
354
365
372
384
396
407
420
432
443
447
458
473
484
490
496
504
512
525
533
538
551
564
576
588
597
610
620
628
637
645
656
668
672
683
692
701
710
724
735
743
754
760
770
776
780
786

86
3
9
24
31
38
45
58
65
72
78
87
93
98
108
118
131
140
151
163
168
174
178
186
194
208
219
226
237
250
265
270
283
286
297
309
316
324
335
343
354
365
372
384
396
407
420
432
443
447
458
473
484
490
496
504
512
525
533
538
551
564
576
588
597
610
620
628
637
645
656
668
672
683
692
701
710
724
735
743
754
760
770
776
780
786
796

87
3
9
24
31
38
45
58
65
72
78
87
93
98
108
118
131
140
151
163
168
174
178
186
194
208
219
226
237
250
265
270
283
286
297
309
316
324
335
343
354
365
372
384
396
407
420
432
443
447
458
473
484
490
496
504
512
525
533
538
551
564
576
588
597
610
620
628
637
645
656
668
672
683
692
701
710
724
735
743
754
760
770
776
780
786
796
806

88
3
9
24
31
38
45
58
65
72
78
87
93
98
108
118
131
140
151
163
168
174
178
186
194
208
219
226
237
250
265
270
283
286
297
309
316
324
335
343
354
365
372
384
396
407
420
432
443
447
458
473
484
490
496
504
512
525
533
538
551
564
576
588
597
610
620
628
637
645
656
668
672
683
692
701
710
724
735
743
754
760
770
776
780
786
796
806
816

89
3
9
24
31
38
45
58
65
72
78
87
93
98
108
118
131
140
151
163
168
174
178
186
194
208
219
226
237
250
265
270
283
286
297
309
316
324
335
343
354
365
372
384
396
407
420
432
443
447
458
473
484
490
496
504
512
525
533
538
551
564
576
588
597
610
620
628
637
645
656
668
672
683
692
701
710
724
735
743
754
760
770
776
780
786
796
806
816
821

90
3
9
24
31
38
45
58
65
72
78
87
93
98
108
118
131
140
151
163
168
174
178
186
194
208
219
226
237
250
265
270
283
286
297
309
316
324
335
343
354
365
372
384
396
407
420
432
443
447
458
473
484
490
496
504
512
525
533
538
551
564
576
588
597
610
620
628
637
645
656
668
672
683
692
701
710
724
735
743
754
760
770
776
780
786
796
806
816
821
832

91
3
9
24
31
38
45
58
65
72
78
87
93
98
108
118
131
140
151
163
168
174
178
186
194
208
219
226
237
250
265
270
283
286
297
309
316
324
335
343
354
365
372
384
396
407
420
432
443
447
458
473
484
490
496
504
512
525
533
538
551
564
576
588
597
610
620
628
637
645
656
668
672
683
692
701
710
724
735
743
754
760
770
776
780
786
796
806
816
821
832
840

92
3
9
24
31
38
45
58
65
72
78
87
93
98
108
118
131
140
151
163
168
174
178
186
194
208
219
226
237
250
265
270
283
286
297
309
316
324
335
343
354
365
372
384
396
407
420
432
443
447
458
473
484
490
496
504
512
525
533
538
551
564
576
588
597
610
620
628
637
645
656
668
672
683
692
701
710
724
735
743
754
760
770
776
780
786
796
806
816
821
832
840
850

93
3
9
24
31
38
45
58
65
72
78
87
93
98
108
118
131
140
151
163
168
174
178
186
194
208
219
226
237
250
265
270
283
286
297
309
316
324
335
343
354
365
372
384
396
407
420
432
443
447
458
473
484
490
496
504
512
525
533
538
551
564
576
588
597
610
620
628
637
645
656
668
672
683
692
701
710
724
735
743
754
760
770
776
780
786
796
806
816
821
832
840
850
857

94
3
9
24
31
38
45
58
65
72
78
87
93
98
108
118
131
140
151
163
168
174
178
186
194
208
219
226
237
250
265
270
283
286
297
309
316
324
335
343
354
365
372
384
396
407
420
432
443
447
458
473
484
490
496
504
512
525
533
538
551
564
576
588
597
610
620
628
637
645
656
668
672
683
692
701
710
724
735
743
754
760
770
776
780
786
796
806
816
821
832
840
850
857
869

95
3
9
24
31
38
45
58
65
72
78
87
93
98
108
118
131
140
151
163
168
174
178
186
194
208
219
226
237
250
265
270
283
286
297
309
316
324
335
343
354
365
372
384
396
407
420
432
443
447
458
473
484
490
496
504
512
525
533
538
551
564
576
588
597
610
620
628
637
645
656
668
672
683
692
701
710
724
735
743
754
760
770
776
780
786
796
806
816
821
832
840
850
857
869
881

